<?xml version="1.0" encoding="UTF-8"?>
<!-- Generated by org.testng.reporters.JUnitReportReporter -->
<testsuite hostname="DESKTOP-TD6V83T" failures="0" tests="1" name="project.test.GoogleCloudTest" time="38.118" errors="0" timestamp="2020-09-15T20:13:54 MSK" skipped="0">
  <testcase classname="project.test.GoogleCloudTest" name="estimatePanelDisplayed" time="38.118"/>
  <system-out/>
</testsuite> <!-- project.test.GoogleCloudTest -->
